{
  "RSpec": {
    "coverage": {
      "/Users/andrewtobin/4module/projects/you_hockey/app/helpers/application_helper.rb": [
        1,
        null
      ],
      "/Users/andrewtobin/4module/projects/you_hockey/app/helpers/welcome_helper.rb": [
        1,
        null
      ],
      "/Users/andrewtobin/4module/projects/you_hockey/app/models/games_facade.rb": [
        1,
        null,
        null,
        1,
        4,
        null,
        null,
        1,
        4,
        null,
        null
      ],
      "/Users/andrewtobin/4module/projects/you_hockey/app/services/fantasy_data_service.rb": [
        1,
        null,
        1,
        4,
        null,
        null,
        1,
        4,
        null,
        null,
        1,
        0,
        null,
        null,
        1,
        0,
        null,
        null,
        1,
        4,
        null,
        null,
        1,
        4,
        4,
        null,
        4,
        null,
        null,
        null,
        null
      ],
      "/Users/andrewtobin/4module/projects/you_hockey/app/models/standing.rb": [
        0,
        null,
        0
      ],
      "/Users/andrewtobin/4module/projects/you_hockey/app/models/standings_facade.rb": [
        0,
        0,
        null,
        0,
        0,
        null,
        null,
        null,
        0,
        0,
        0,
        null,
        0,
        0,
        0,
        0
      ],
      "/Users/andrewtobin/4module/projects/you_hockey/app/models/application_record.rb": [
        0,
        0,
        0
      ],
      "/Users/andrewtobin/4module/projects/you_hockey/app/controllers/application_controller.rb": [
        0,
        0
      ],
      "/Users/andrewtobin/4module/projects/you_hockey/app/controllers/standings_controller.rb": [
        0,
        null,
        0,
        0,
        0,
        0,
        null,
        0
      ],
      "/Users/andrewtobin/4module/projects/you_hockey/app/controllers/games_controller.rb": [
        0,
        null,
        0,
        0,
        0,
        null,
        0
      ],
      "/Users/andrewtobin/4module/projects/you_hockey/app/controllers/welcome_controller.rb": [
        0,
        null,
        0,
        null,
        0,
        0
      ]
    },
    "timestamp": 1546885681
  }
}
